<?xml version="1.0" encoding="UTF-8"?>
<testsuite xmlns:xsi="http://www.w3.org/2001/XMLSchema-instance" xsi:noNamespaceSchemaLocation="https://maven.apache.org/surefire/maven-surefire-plugin/xsd/surefire-test-report.xsd" version="3.0.2" name="co.edu.uniquindio.ingesis.RunCucumberTest" time="0.25" tests="1" errors="0" skipped="0" failures="1">
  <properties>
[...]
</properties>
  <testcase name="Is it Friday yet? - Sunday isn&apos;t Friday" classname="Is it Friday yet?" time="0.157">
    <failure message="&#10;expected: &quot;Nope&quot;&#10; but was: &quot;Yes&quot;" type="org.opentest4j.AssertionFailedError"><![CDATA[org.opentest4j.AssertionFailedError: 

expected: "Nope"
 but was: "Yes"
	at co.edu.uniquindio.ingesis.StepDefinitions.i_should_be_told(StepDefinitions.java:30)
	at ✽.I should be told "Nope"(classpath:co/edu/uniquindio/ingesis/example.feature:7)
]]></failure>
    <system-out><![CDATA[
Scenario: Sunday isn't Friday        &amp#27;[90m# co/edu/uniquindio/ingesis/example.feature:4&amp#27;[0m
  &amp#27;[32mGiven &amp#27;[0m&amp#27;[32mtoday is Sunday&amp#27;[0m              &amp#27;[90m# co.edu.uniquindio.ingesis.StepDefinitions.today_is_Sunday()&amp#27;[0m
  &amp#27;[32mWhen &amp#27;[0m&amp#27;[32mI ask whether it's Friday yet&amp#27;[0m &amp#27;[90m# co.edu.uniquindio.ingesis.StepDefinitions.i_ask_whether_it_s_Friday_yet()&amp#27;[0m
  &amp#27;[31mThen &amp#27;[0m&amp#27;[31mI should be told &amp#27;[0m&amp#27;[31m&amp#27;[1m"Nope"&amp#27;[0m       &amp#27;[90m# co.edu.uniquindio.ingesis.StepDefinitions.i_should_be_told(java.lang.String)&amp#27;[0m
      &amp#27;[31morg.opentest4j.AssertionFailedError: 
      expected: "Nope"
       but was: "Yes"
      	at co.edu.uniquindio.ingesis.StepDefinitions.i_should_be_told(StepDefinitions.java:30)
      	at ✽.I should be told "Nope"(classpath:co/edu/uniquindio/ingesis/example.feature:7)&amp#27;[0m
]]></system-out>
  </testcase>
</testsuite>